{"name": "test_enter_data_on_form_page", "status": "failed", "statusDetails": {"message": "AssertionError", "trace": "self = <WebAppTesting.pages.form.FormPage object at 0x10724e0a0>, locator_value = 'messag', locator_type = 'id', text = 'Hi there!'\n\n    def send_text(self, locator_value, locator_type, text):\n        try:\n            locator_type = locator_type.lower()\n            web_element = self.wait_for_element(locator_value, locator_type)\n>           web_element.send_keys(text)\nE           AttributeError: 'NoneType' object has no attribute 'send_keys'\n\n../common/base.py:92: AttributeError\n\nDuring handling of the above exception, another exception occurred:\n\nself = <WebAppTesting.tests.test_form_page.FormPageTestSuite object at 0x10724ea60>\n\n    def test_enter_data_on_form_page(self):\n        self.form_page.click_form()\n        self.form_page.enter_name()\n        self.form_page.enter_email()\n        self.form_page.click_radio_button()\n        self.form_page.enter_technology()\n>       self.form_page.enter_message()\n\ntest_form_page.py:25: \n_ _ _ _ _ _ _ _ _ _ _ _ _ _ _ _ _ _ _ _ _ _ _ _ _ _ _ _ _ _ _ _ _ _ _ _ _ _ _ _ _ _ _ _ _ _ _ _ _ _ _ _ _ _ _ _ _ _ _ _ _ _ _ _ _ _ _ _ _ _ _ _ _ _ _ _ _ _ _ _ _ _ _ _ _ _ _ _ _ _ _ _ _ _ _ _ _ _ _ _ _ _ _ _ _ _ _ _ _ _ _ _ _ _ _ _ \n../pages/form.py:43: in enter_message\n    self.send_text(locator_type=\"id\", locator_value=self._form_page_field_message, text=\"Hi there!\")\n_ _ _ _ _ _ _ _ _ _ _ _ _ _ _ _ _ _ _ _ _ _ _ _ _ _ _ _ _ _ _ _ _ _ _ _ _ _ _ _ _ _ _ _ _ _ _ _ _ _ _ _ _ _ _ _ _ _ _ _ _ _ _ _ _ _ _ _ _ _ _ _ _ _ _ _ _ _ _ _ _ _ _ _ _ _ _ _ _ _ _ _ _ _ _ _ _ _ _ _ _ _ _ _ _ _ _ _ _ _ _ _ _ _ _ _ \n\nself = <WebAppTesting.pages.form.FormPage object at 0x10724e0a0>, locator_value = 'messag', locator_type = 'id', text = 'Hi there!'\n\n    def send_text(self, locator_value, locator_type, text):\n        try:\n            locator_type = locator_type.lower()\n            web_element = self.wait_for_element(locator_value, locator_type)\n            web_element.send_keys(text)\n            self.log.info(f\"Sent {text} on element with locator value: {locator_value}, while using locator type: {locator_type}\")\n        except:\n            self.log.error(\n                f\"Failed to send text on element with locator value: {locator_value}, while using locator type: {locator_type}\")\n>           assert False\nE           AssertionError\n\n../common/base.py:97: AssertionError"}, "steps": [{"name": "Clicked on Form page", "status": "passed", "start": 1654169689591, "stop": 1654169689591}, {"name": "Entered text in the name field", "status": "passed", "start": 1654169689669, "stop": 1654169689669}, {"name": "Entered email in the email field", "status": "passed", "start": 1654169689711, "stop": 1654169689711}, {"name": "Selected Gender from the radio buttons", "status": "passed", "start": 1654169689746, "stop": 1654169689746}, {"name": "Entered technology in the technology field", "status": "passed", "start": 1654169689805, "stop": 1654169689805}], "attachments": [{"name": "id", "source": "6c822acb-3184-4b23-aeb2-c4b98c84ca47-attachment.png", "type": "image/png"}, {"name": "log", "source": "269946b5-61af-4f5d-bb50-31ca49e47881-attachment.txt", "type": "text/plain"}], "start": 1654169689484, "stop": 1654169700067, "uuid": "6057c45d-8100-400a-9085-30a338c6e4b0", "historyId": "02a5b840ec4781cd22455b7c46fee489", "testCaseId": "87fea44939076f964f280761130605a5", "fullName": "test_form_page.FormPageTestSuite#test_enter_data_on_form_page", "labels": [{"name": "tag", "value": "@pytest.mark.usefixtures('pre_test')"}, {"name": "suite", "value": "test_form_page"}, {"name": "subSuite", "value": "FormPageTestSuite"}, {"name": "host", "value": "Ors-MacBook-Pro.local"}, {"name": "thread", "value": "14855-MainThread"}, {"name": "framework", "value": "pytest"}, {"name": "language", "value": "cpython3"}, {"name": "package", "value": "test_form_page"}]}